[2025-05-29T21:58:56.880] [INFO] default - Connected to MongoDB
[2025-05-29T21:58:56.888] [INFO] default - Server running on port http://localhost:8080
[2025-05-29T21:58:59.369] [HTTP] default - GET /
[2025-05-29T21:58:59.937] [INFO] default - Nuevo cliente conectado: MvwhP6PViMDvGnUzAAAB
[2025-05-29T21:59:02.850] [HTTP] default - GET /login
[2025-05-29T21:59:03.052] [INFO] default - Nuevo cliente conectado: nI7klREhpeX-8AK8AAAD
[2025-05-29T21:59:04.683] [HTTP] default - GET /register
[2025-05-29T21:59:04.838] [INFO] default - Nuevo cliente conectado: uJ2V66j2yut3XNP1AAAF
[2025-05-29T22:19:30.519] [DEBUG] default - Buscando carrito con ID: 123
[2025-05-29T22:19:30.525] [DEBUG] default - Buscando carrito con ID: 123
[2025-05-29T22:19:30.845] [INFO] default - Obteniendo todos los carritos
[2025-05-29T22:19:30.853] [INFO] default - Obteniendo todos los carritos
[2025-05-30T22:48:51.928] [INFO] default - Connected to MongoDB
[2025-05-30T22:48:51.964] [INFO] default - Server running on port http://localhost:8080
[2025-05-30T22:48:52.054] [HTTP] default - POST /api/sessions/register
[2025-05-30T22:48:52.071] [HTTP] default - POST /api/sessions/register
[2025-05-30T22:48:52.207] [HTTP] default - POST /api/sessions/register
[2025-05-30T22:48:52.218] [HTTP] default - POST /api/sessions/login
[2025-05-30T23:14:11.669] [INFO] default - Connected to MongoDB
[2025-05-30T23:14:11.700] [INFO] default - Server running on port http://localhost:8080
[2025-05-30T23:14:11.853] [HTTP] default - POST /api/sessions/register
[2025-05-30T23:14:16.912] [HTTP] default - POST /api/sessions/register
[2025-05-30T23:14:17.112] [HTTP] default - POST /api/sessions/register
[2025-05-31T08:08:06.303] [INFO] default - Connected to MongoDB
[2025-05-31T08:21:58.606] [INFO] default - Connected to MongoDB
[2025-05-31T08:21:58.743] [HTTP] default - POST /api/sessions/register
[2025-06-01T09:35:02.501] [ERROR] default - Error connecting to MongoDB MongooseServerSelectionError: Could not connect to any servers in your MongoDB Atlas cluster. One common reason is that you're trying to access the database from an IP that isn't whitelisted. Make sure your current IP address is on your Atlas cluster's IP whitelist: https://www.mongodb.com/docs/atlas/security-whitelist/
    at _handleConnectionErrors (C:\Users\Usuario\Desktop\CURSOS CODER HOUSE\BackEnd3\EntregaFinal\node_modules\mongoose\lib\connection.js:1165:11)
    at NativeConnection.openUri (C:\Users\Usuario\Desktop\CURSOS CODER HOUSE\BackEnd3\EntregaFinal\node_modules\mongoose\lib\connection.js:1096:11)
    at MongoDBProvider.connect (C:\Users\Usuario\Desktop\CURSOS CODER HOUSE\BackEnd3\EntregaFinal\src\config\mongodbProvider.js:374:27)
    at Object.<anonymous> (C:\Users\Usuario\Desktop\CURSOS CODER HOUSE\BackEnd3\EntregaFinal\src\test\user.test.js:60:9) {
  errorLabelSet: Set(0) {},
  reason: TopologyDescription {
    type: 'ReplicaSetNoPrimary',
    servers: Map(3) {
      'cluster0-shard-00-02.tccqu.mongodb.net:27017' => [ServerDescription],
      'cluster0-shard-00-00.tccqu.mongodb.net:27017' => [ServerDescription],
      'cluster0-shard-00-01.tccqu.mongodb.net:27017' => [ServerDescription]
    },
    stale: false,
    compatible: true,
    heartbeatFrequencyMS: 10000,
    localThresholdMS: 15,
    setName: 'atlas-grgbnf-shard-0',
    maxElectionId: null,
    maxSetVersion: null,
    commonWireVersion: 0,
    logicalSessionTimeoutMinutes: null
  },
  code: undefined
}
[2025-06-01T09:43:25.022] [INFO] default - Connected to MongoDB
[2025-06-01T09:43:25.157] [HTTP] default - POST /api/sessions/register
[2025-06-01T09:43:30.192] [HTTP] default - POST /api/sessions/register
[2025-06-01T09:43:33.815] [HTTP] default - POST /api/sessions/register
[2025-06-01T09:43:34.000] [HTTP] default - POST /api/sessions/register
[2025-06-01T09:43:37.610] [HTTP] default - POST /api/sessions/login
[2025-06-01T10:12:38.110] [INFO] default - Connected to MongoDB
[2025-06-01T10:12:38.245] [HTTP] default - POST /api/sessions/register
[2025-06-01T10:12:42.199] [HTTP] default - POST /api/sessions/register
[2025-06-01T10:12:45.908] [HTTP] default - POST /api/sessions/register
[2025-06-01T10:12:46.102] [HTTP] default - POST /api/sessions/register
[2025-06-01T10:12:49.671] [HTTP] default - POST /api/sessions/login
[2025-06-01T11:00:12.788] [INFO] default - Connected to MongoDB
[2025-06-01T11:00:12.929] [HTTP] default - POST /api/sessions/register
[2025-06-01T11:00:17.312] [HTTP] default - POST /api/sessions/register
[2025-06-01T11:00:21.898] [HTTP] default - POST /api/sessions/register
[2025-06-01T11:00:22.090] [HTTP] default - POST /api/sessions/register
[2025-06-01T11:00:26.622] [HTTP] default - POST /api/sessions/login
[2025-06-01T11:00:26.882] [HTTP] default - POST /api/sessions/register
[2025-06-01T11:00:30.580] [HTTP] default - POST /api/sessions/login
[2025-06-01T11:00:30.773] [DEBUG] default - Buscando carrito con ID: 683c5cfb1358bb4ce7b0ba4f
[2025-06-01T11:00:30.838] [HTTP] default - GET /api/sessions/current
[2025-06-01T11:00:31.038] [HTTP] default - POST /api/sessions/register
[2025-06-01T11:00:35.421] [HTTP] default - POST /api/sessions/restore-password
[2025-06-01T11:00:35.745] [HTTP] default - POST /api/sessions/register
[2025-06-01T11:00:39.455] [HTTP] default - POST /api/sessions/login
[2025-06-01T11:00:39.648] [DEBUG] default - Buscando carrito con ID: 683c5d031358bb4ce7b0ba61
[2025-06-01T11:00:39.701] [HTTP] default - GET /api/sessions/logout
[2025-06-01T11:00:39.764] [HTTP] default - POST /api/sessions/register
[2025-06-01T11:00:39.901] [HTTP] default - POST /api/sessions/register
[2025-06-01T11:00:44.215] [HTTP] default - POST /api/sessions/login
[2025-06-01T11:16:46.429] [INFO] default - Connected to MongoDB
[2025-06-01T11:16:46.565] [HTTP] default - POST /api/sessions/register
[2025-06-01T11:16:50.394] [HTTP] default - POST /api/sessions/register
[2025-06-01T11:16:53.970] [HTTP] default - POST /api/sessions/register
[2025-06-01T11:16:54.149] [HTTP] default - POST /api/sessions/register
[2025-06-01T11:16:58.304] [HTTP] default - POST /api/sessions/login
[2025-06-01T11:16:58.558] [HTTP] default - POST /api/sessions/register
[2025-06-01T11:17:02.874] [HTTP] default - POST /api/sessions/login
[2025-06-01T11:17:03.057] [DEBUG] default - Buscando carrito con ID: 683c60dadf8f9e657b48ce8a
[2025-06-01T11:17:03.116] [HTTP] default - GET /api/sessions/current
[2025-06-01T11:17:03.301] [HTTP] default - POST /api/sessions/register
[2025-06-01T11:17:07.762] [HTTP] default - POST /api/sessions/restore-password
[2025-06-01T11:17:07.944] [HTTP] default - POST /api/sessions/login
[2025-06-01T11:17:08.195] [HTTP] default - POST /api/sessions/register
[2025-06-01T11:17:12.526] [HTTP] default - POST /api/sessions/login
[2025-06-01T11:17:12.701] [DEBUG] default - Buscando carrito con ID: 683c60e4df8f9e657b48ce9d
[2025-06-01T11:17:12.759] [HTTP] default - GET /api/sessions/logout
[2025-06-01T11:17:12.817] [HTTP] default - POST /api/sessions/register
[2025-06-01T11:17:12.948] [HTTP] default - POST /api/sessions/register
[2025-06-01T11:17:16.623] [HTTP] default - POST /api/sessions/login
[2025-06-01T11:28:32.827] [INFO] default - Connected to MongoDB
[2025-06-01T11:28:32.964] [HTTP] default - POST /api/sessions/register
[2025-06-01T11:28:37.620] [HTTP] default - POST /api/sessions/register
[2025-06-01T11:28:41.916] [HTTP] default - POST /api/sessions/register
[2025-06-01T11:28:42.105] [HTTP] default - POST /api/sessions/register
[2025-06-01T11:28:46.385] [HTTP] default - POST /api/sessions/login
[2025-06-01T11:28:46.645] [HTTP] default - POST /api/sessions/register
[2025-06-01T11:28:50.377] [HTTP] default - POST /api/sessions/login
[2025-06-01T11:28:50.566] [DEBUG] default - Buscando carrito con ID: 683c639ea5cf931e5ee6a5a4
[2025-06-01T11:28:50.630] [HTTP] default - GET /api/sessions/current
[2025-06-01T11:28:50.830] [HTTP] default - POST /api/sessions/register
[2025-06-01T11:28:54.444] [HTTP] default - POST /api/sessions/restore-password
[2025-06-01T11:28:54.633] [HTTP] default - POST /api/sessions/login
[2025-06-01T11:28:54.902] [HTTP] default - POST /api/sessions/register
[2025-06-01T11:28:59.091] [HTTP] default - POST /api/sessions/login
[2025-06-01T11:28:59.275] [DEBUG] default - Buscando carrito con ID: 683c63a7a5cf931e5ee6a5b7
[2025-06-01T11:28:59.334] [HTTP] default - GET /api/sessions/logout
[2025-06-01T11:28:59.394] [HTTP] default - POST /api/sessions/register
[2025-06-01T11:28:59.522] [HTTP] default - POST /api/sessions/register
[2025-06-01T11:29:03.657] [HTTP] default - POST /api/sessions/login
[2025-06-01T12:28:22.111] [INFO] default - Connected to MongoDB
[2025-06-01T12:28:22.274] [HTTP] default - POST /api/sessions/register
[2025-06-01T12:28:22.757] [HTTP] default - POST /api/sessions/register
[2025-06-01T12:28:22.950] [HTTP] default - POST /api/sessions/register
[2025-06-01T12:28:23.280] [HTTP] default - POST /api/sessions/register
[2025-06-01T12:28:23.470] [HTTP] default - POST /api/sessions/login
[2025-06-01T12:28:23.653] [HTTP] default - POST /api/sessions/register
[2025-06-01T12:28:23.875] [HTTP] default - POST /api/sessions/login
[2025-06-01T12:28:24.067] [HTTP] default - POST /api/sessions/register
[2025-06-01T12:28:24.265] [HTTP] default - POST /api/sessions/restore-password
[2025-06-01T12:28:24.448] [HTTP] default - POST /api/sessions/register
[2025-06-01T12:28:24.636] [HTTP] default - POST /api/sessions/login
[2025-06-01T12:28:24.750] [HTTP] default - POST /api/sessions/register
[2025-06-01T12:28:24.878] [HTTP] default - POST /api/sessions/register
[2025-06-01T12:28:25.066] [HTTP] default - POST /api/sessions/login
[2025-06-01T12:31:55.743] [INFO] default - Connected to MongoDB
[2025-06-01T12:31:55.874] [HTTP] default - POST /api/sessions/register
[2025-06-01T12:31:56.377] [HTTP] default - POST /api/sessions/register
[2025-06-01T12:31:56.629] [HTTP] default - POST /api/sessions/register
[2025-06-01T12:31:56.815] [HTTP] default - POST /api/sessions/register
[2025-06-01T12:31:57.056] [HTTP] default - POST /api/sessions/login
[2025-06-01T12:31:57.314] [HTTP] default - POST /api/sessions/register
[2025-06-01T12:31:57.567] [HTTP] default - POST /api/sessions/login
[2025-06-01T12:31:57.755] [DEBUG] default - Buscando carrito con ID: 683c726dad6eb637ae68fa4c
[2025-06-01T12:31:57.816] [HTTP] default - GET /api/sessions/current
[2025-06-01T12:31:58.013] [HTTP] default - POST /api/sessions/register
[2025-06-01T12:31:58.254] [HTTP] default - POST /api/sessions/restore-password
[2025-06-01T12:31:58.441] [HTTP] default - POST /api/sessions/login
[2025-06-01T12:31:58.708] [HTTP] default - POST /api/sessions/register
[2025-06-01T12:31:58.975] [HTTP] default - POST /api/sessions/login
[2025-06-01T12:31:59.538] [DEBUG] default - Buscando carrito con ID: 683c726ead6eb637ae68fa5f
[2025-06-01T12:31:59.595] [HTTP] default - GET /api/sessions/logout
[2025-06-01T12:31:59.673] [HTTP] default - POST /api/sessions/register
[2025-06-01T12:31:59.803] [HTTP] default - POST /api/sessions/register
[2025-06-01T12:32:00.042] [HTTP] default - POST /api/sessions/login
[2025-06-01T12:47:16.136] [INFO] default - Connected to MongoDB
[2025-06-01T12:47:16.271] [HTTP] default - POST /api/sessions/register
[2025-06-01T12:47:16.744] [HTTP] default - POST /api/sessions/register
[2025-06-01T12:47:16.986] [HTTP] default - POST /api/sessions/register
[2025-06-01T12:47:17.166] [HTTP] default - POST /api/sessions/register
[2025-06-01T12:47:17.402] [HTTP] default - POST /api/sessions/login
[2025-06-01T12:47:17.662] [HTTP] default - POST /api/sessions/register
[2025-06-01T12:47:17.928] [HTTP] default - POST /api/sessions/login
[2025-06-01T12:47:18.138] [DEBUG] default - Buscando carrito con ID: 683c760538a52899b7d03028
[2025-06-01T12:47:18.197] [HTTP] default - GET /api/sessions/current
[2025-06-01T12:47:18.389] [HTTP] default - POST /api/sessions/register
[2025-06-01T12:47:18.621] [HTTP] default - POST /api/sessions/restore-password
[2025-06-01T12:47:18.803] [HTTP] default - POST /api/sessions/login
[2025-06-01T12:47:19.051] [HTTP] default - POST /api/sessions/register
[2025-06-01T12:47:19.282] [HTTP] default - POST /api/sessions/login
[2025-06-01T12:47:19.458] [DEBUG] default - Buscando carrito con ID: 683c760738a52899b7d0303b
[2025-06-01T12:47:19.514] [HTTP] default - GET /api/sessions/logout
[2025-06-01T12:47:19.574] [HTTP] default - POST /api/sessions/register
[2025-06-01T12:47:19.701] [HTTP] default - POST /api/sessions/register
[2025-06-01T12:47:19.942] [HTTP] default - POST /api/sessions/login
[2025-06-01T13:03:33.009] [INFO] default - Connected to MongoDB
[2025-06-01T13:03:33.140] [HTTP] default - POST /api/sessions/register
[2025-06-01T13:03:33.673] [HTTP] default - POST /api/sessions/register
[2025-06-01T13:03:33.929] [HTTP] default - POST /api/sessions/register
[2025-06-01T13:03:34.124] [HTTP] default - POST /api/sessions/register
[2025-06-01T13:03:34.380] [HTTP] default - POST /api/sessions/login
[2025-06-01T13:03:34.643] [HTTP] default - POST /api/sessions/register
[2025-06-01T13:03:34.889] [HTTP] default - POST /api/sessions/login
[2025-06-01T13:03:35.101] [DEBUG] default - Buscando carrito con ID: 683c79d6c9e5896106a55b7c
[2025-06-01T13:03:35.164] [HTTP] default - GET /api/sessions/current
[2025-06-01T13:03:35.370] [HTTP] default - POST /api/sessions/register
[2025-06-01T13:03:35.616] [HTTP] default - POST /api/sessions/restore-password
[2025-06-01T13:03:35.806] [HTTP] default - POST /api/sessions/login
[2025-06-01T13:03:36.056] [HTTP] default - POST /api/sessions/register
[2025-06-01T13:03:36.304] [HTTP] default - POST /api/sessions/login
[2025-06-01T13:03:36.490] [DEBUG] default - Buscando carrito con ID: 683c79d8c9e5896106a55b8f
[2025-06-01T13:03:36.545] [HTTP] default - GET /api/sessions/logout
[2025-06-01T13:03:36.611] [HTTP] default - POST /api/sessions/register
[2025-06-01T13:03:36.740] [HTTP] default - POST /api/sessions/register
[2025-06-01T13:03:36.981] [HTTP] default - POST /api/sessions/login
[2025-06-01T13:21:23.032] [INFO] default - Connected to MongoDB
[2025-06-01T13:21:23.164] [HTTP] default - POST /api/sessions/register
[2025-06-01T13:21:23.671] [HTTP] default - POST /api/sessions/register
[2025-06-01T13:21:23.935] [HTTP] default - POST /api/sessions/register
[2025-06-01T13:21:24.125] [HTTP] default - POST /api/sessions/register
[2025-06-01T13:21:24.390] [HTTP] default - POST /api/sessions/login
[2025-06-01T13:21:24.651] [HTTP] default - POST /api/sessions/register
[2025-06-01T13:21:24.900] [HTTP] default - POST /api/sessions/login
[2025-06-01T13:21:25.088] [DEBUG] default - Buscando carrito con ID: 683c7e04c9aa74792c24406b
[2025-06-01T13:21:25.150] [HTTP] default - GET /api/sessions/current
[2025-06-01T13:21:25.348] [HTTP] default - POST /api/sessions/register
[2025-06-01T13:21:25.615] [HTTP] default - POST /api/sessions/restore-password
[2025-06-01T13:21:25.804] [HTTP] default - POST /api/sessions/login
[2025-06-01T13:21:26.059] [HTTP] default - POST /api/sessions/register
[2025-06-01T13:21:26.316] [HTTP] default - POST /api/sessions/login
[2025-06-01T13:21:26.507] [DEBUG] default - Buscando carrito con ID: 683c7e06c9aa74792c24407e
[2025-06-01T13:21:26.591] [HTTP] default - GET /api/sessions/logout
[2025-06-01T13:21:26.654] [HTTP] default - POST /api/sessions/register
[2025-06-01T13:21:26.781] [HTTP] default - POST /api/sessions/register
[2025-06-01T13:21:27.026] [HTTP] default - POST /api/sessions/login
[2025-06-01T13:29:19.450] [INFO] default - Connected to MongoDB
[2025-06-01T13:29:19.582] [HTTP] default - POST /api/sessions/register
[2025-06-01T13:29:20.079] [HTTP] default - POST /api/sessions/register
[2025-06-01T13:29:20.336] [HTTP] default - POST /api/sessions/register
[2025-06-01T13:29:20.519] [HTTP] default - POST /api/sessions/register
[2025-06-01T13:29:20.774] [HTTP] default - POST /api/sessions/login
[2025-06-01T13:29:21.028] [HTTP] default - POST /api/sessions/register
[2025-06-01T13:29:21.267] [HTTP] default - POST /api/sessions/login
[2025-06-01T13:29:21.454] [DEBUG] default - Buscando carrito con ID: 683c7fe1787d2db6a4ffd7e1
[2025-06-01T13:29:21.519] [HTTP] default - GET /api/sessions/current
[2025-06-01T13:29:21.717] [HTTP] default - POST /api/sessions/register
[2025-06-01T13:29:21.962] [HTTP] default - POST /api/sessions/restore-password
[2025-06-01T13:29:22.159] [HTTP] default - POST /api/sessions/login
[2025-06-01T13:29:22.413] [HTTP] default - POST /api/sessions/register
[2025-06-01T13:29:22.662] [HTTP] default - POST /api/sessions/login
[2025-06-01T13:29:22.843] [DEBUG] default - Buscando carrito con ID: 683c7fe2787d2db6a4ffd7f4
[2025-06-01T13:29:22.900] [HTTP] default - GET /api/sessions/logout
[2025-06-01T13:29:22.963] [HTTP] default - POST /api/sessions/register
[2025-06-01T13:29:23.090] [HTTP] default - POST /api/sessions/register
[2025-06-01T13:29:23.344] [HTTP] default - POST /api/sessions/login
[2025-06-01T13:32:05.682] [INFO] default - Connected to MongoDB
[2025-06-01T13:32:05.826] [HTTP] default - POST /api/sessions/register
[2025-06-01T13:32:06.343] [HTTP] default - POST /api/sessions/register
[2025-06-01T13:32:06.602] [HTTP] default - POST /api/sessions/register
[2025-06-01T13:32:06.786] [HTTP] default - POST /api/sessions/register
[2025-06-01T13:32:07.028] [HTTP] default - POST /api/sessions/login
[2025-06-01T13:32:07.280] [HTTP] default - POST /api/sessions/register
[2025-06-01T13:32:07.520] [HTTP] default - POST /api/sessions/login
[2025-06-01T13:32:07.708] [DEBUG] default - Buscando carrito con ID: 683c80875dd0382ef794267f
[2025-06-01T13:32:07.769] [HTTP] default - GET /api/sessions/current
[2025-06-01T13:32:07.994] [HTTP] default - POST /api/sessions/register
[2025-06-01T13:32:08.245] [HTTP] default - POST /api/sessions/restore-password
[2025-06-01T13:32:08.432] [HTTP] default - POST /api/sessions/login
[2025-06-01T13:32:08.704] [HTTP] default - POST /api/sessions/register
[2025-06-01T13:32:08.967] [HTTP] default - POST /api/sessions/login
[2025-06-01T13:32:09.172] [DEBUG] default - Buscando carrito con ID: 683c80885dd0382ef7942692
[2025-06-01T13:32:09.228] [HTTP] default - GET /api/sessions/logout
[2025-06-01T13:32:09.296] [HTTP] default - POST /api/sessions/register
[2025-06-01T13:32:09.427] [HTTP] default - POST /api/sessions/register
[2025-06-01T13:32:09.683] [HTTP] default - POST /api/sessions/login
[2025-06-01T13:34:48.540] [INFO] default - Connected to MongoDB
[2025-06-01T13:34:48.673] [HTTP] default - POST /api/sessions/register
[2025-06-01T13:34:49.163] [HTTP] default - POST /api/sessions/register
[2025-06-01T13:34:49.423] [HTTP] default - POST /api/sessions/register
[2025-06-01T13:34:49.608] [HTTP] default - POST /api/sessions/register
[2025-06-01T13:34:49.860] [HTTP] default - POST /api/sessions/login
[2025-06-01T13:34:50.124] [HTTP] default - POST /api/sessions/register
[2025-06-01T13:34:50.378] [HTTP] default - POST /api/sessions/login
[2025-06-01T13:34:50.565] [DEBUG] default - Buscando carrito con ID: 683c812a6db932698a5622c3
[2025-06-01T13:34:50.633] [HTTP] default - GET /api/sessions/current
[2025-06-01T13:34:50.852] [HTTP] default - POST /api/sessions/register
[2025-06-01T13:34:51.092] [HTTP] default - POST /api/sessions/restore-password
[2025-06-01T13:34:51.283] [HTTP] default - POST /api/sessions/login
[2025-06-01T13:34:51.542] [HTTP] default - POST /api/sessions/register
[2025-06-01T13:34:51.787] [HTTP] default - POST /api/sessions/login
[2025-06-01T13:34:51.979] [DEBUG] default - Buscando carrito con ID: 683c812b6db932698a5622d6
[2025-06-01T13:34:52.043] [HTTP] default - GET /api/sessions/logout
[2025-06-01T13:34:52.121] [HTTP] default - POST /api/sessions/register
[2025-06-01T13:34:52.249] [HTTP] default - POST /api/sessions/register
[2025-06-01T13:34:52.495] [HTTP] default - POST /api/sessions/login
[2025-06-01T14:03:32.890] [INFO] default - Connected to MongoDB
[2025-06-01T14:03:33.030] [HTTP] default - POST /api/sessions/register
[2025-06-01T14:03:33.508] [HTTP] default - POST /api/sessions/register
[2025-06-01T14:03:33.767] [HTTP] default - POST /api/sessions/register
[2025-06-01T14:03:33.954] [HTTP] default - POST /api/sessions/register
[2025-06-01T14:03:34.196] [HTTP] default - POST /api/sessions/login
[2025-06-01T14:03:34.454] [HTTP] default - POST /api/sessions/register
[2025-06-01T14:03:34.702] [HTTP] default - POST /api/sessions/login
[2025-06-01T14:03:34.890] [DEBUG] default - Buscando carrito con ID: 683c87e674c96a2e7f650eff
[2025-06-01T14:03:34.952] [HTTP] default - GET /api/sessions/current
[2025-06-01T14:03:35.142] [HTTP] default - POST /api/sessions/register
[2025-06-01T14:03:35.378] [HTTP] default - POST /api/sessions/restore-password
[2025-06-01T14:03:35.572] [HTTP] default - POST /api/sessions/login
[2025-06-01T14:03:35.845] [HTTP] default - POST /api/sessions/register
[2025-06-01T14:03:36.094] [HTTP] default - POST /api/sessions/login
[2025-06-01T14:03:36.280] [DEBUG] default - Buscando carrito con ID: 683c87e774c96a2e7f650f12
[2025-06-01T14:03:36.338] [HTTP] default - GET /api/sessions/logout
[2025-06-01T14:03:36.400] [HTTP] default - POST /api/sessions/register
[2025-06-01T14:03:36.533] [HTTP] default - POST /api/sessions/register
[2025-06-01T14:03:36.774] [HTTP] default - POST /api/sessions/login
[2025-06-01T14:04:30.403] [INFO] default - Connected to MongoDB
[2025-06-01T14:04:30.411] [INFO] default - Server running on port http://localhost:8080
[2025-06-01T14:04:32.236] [HTTP] default - GET /
[2025-06-01T14:04:32.667] [INFO] default - Nuevo cliente conectado: E1MZisRWzrqi-Xm6AAAB
[2025-06-01T14:04:33.201] [HTTP] default - GET /favicon.ico
[2025-06-01T14:04:36.500] [HTTP] default - GET /login
[2025-06-01T14:04:36.724] [INFO] default - Nuevo cliente conectado: Ejo97Z0n_M64fRP2AAAD
[2025-06-01T14:04:46.564] [HTTP] default - POST /api/sessions/login
[2025-06-01T14:04:46.764] [HTTP] default - GET /
[2025-06-01T14:04:46.969] [INFO] default - Nuevo cliente conectado: 3LlCkMYEgFkuAD3YAAAF
[2025-06-01T14:04:50.109] [HTTP] default - GET /profile
[2025-06-01T14:04:50.361] [INFO] default - Nuevo cliente conectado: AkJgLMJpEI-PNUWDAAAH
[2025-06-01T14:04:51.901] [HTTP] default - GET /admin/tickets
[2025-06-01T14:04:52.167] [INFO] default - Nuevo cliente conectado: eVKJMUGIYpGLiM6ZAAAJ
[2025-06-01T14:04:55.056] [HTTP] default - GET /profile
[2025-06-01T14:04:55.299] [INFO] default - Nuevo cliente conectado: etl7JMGycDkT-pHIAAAL
[2025-06-01T14:04:56.139] [HTTP] default - GET /admin/carts
[2025-06-01T14:04:56.456] [INFO] default - Nuevo cliente conectado: jN2KHS083YAw6foCAAAN
[2025-06-01T14:05:04.250] [HTTP] default - GET /profile
[2025-06-01T14:05:04.492] [INFO] default - Nuevo cliente conectado: uon6jHjGWwhJAPSSAAAP
[2025-06-01T14:05:06.748] [HTTP] default - GET /realtimeproducts
[2025-06-01T14:05:06.963] [INFO] default - Nuevo cliente conectado: LBjzuOj4Ss8vmUNKAAAR
[2025-06-01T14:05:10.528] [HTTP] default - GET /
[2025-06-01T14:05:10.731] [INFO] default - Nuevo cliente conectado: QzHP-K0fF37Y3F-9AAAT
[2025-06-01T14:05:22.145] [HTTP] default - GET /api/sessions/logout
[2025-06-01T14:05:22.150] [HTTP] default - GET /
[2025-06-01T14:05:22.354] [INFO] default - Nuevo cliente conectado: tzsrYxc2l279Kz2mAAAV
[2025-06-01T14:05:23.456] [HTTP] default - GET /realtimeproducts
[2025-06-01T14:05:23.462] [HTTP] default - GET /?mensaje=Acceso%20denegado.%20Se%20requiere%20rol%20de%20administrador.
[2025-06-01T14:05:23.672] [INFO] default - Nuevo cliente conectado: bub-f_meYJh3Z8ISAAAX
[2025-06-01T14:05:26.360] [HTTP] default - GET /
[2025-06-01T14:05:26.596] [INFO] default - Nuevo cliente conectado: ihoVhb2h2OLLbPtMAAAZ
[2025-06-01T14:05:37.241] [HTTP] default - GET /login
[2025-06-01T14:05:37.399] [INFO] default - Nuevo cliente conectado: tdzI-XcyIfrj9yrvAAAb
[2025-06-01T14:05:40.002] [HTTP] default - GET /register
[2025-06-01T14:05:40.165] [INFO] default - Nuevo cliente conectado: _SbQvehjgjk1BxftAAAd
[2025-06-01T14:06:02.778] [HTTP] default - POST /api/sessions/register
[2025-06-01T14:06:06.943] [HTTP] default - GET /login?message=register-success
[2025-06-01T14:06:07.147] [INFO] default - Nuevo cliente conectado: L8ljoJVMkn5NwuFfAAAf
[2025-06-01T14:06:17.208] [HTTP] default - POST /api/sessions/login
[2025-06-01T14:06:17.416] [DEBUG] default - Buscando carrito con ID: 683c887a268827f7dde129d5
[2025-06-01T14:06:17.471] [HTTP] default - GET /
[2025-06-01T14:06:17.523] [DEBUG] default - Buscando carrito con ID: 683c887a268827f7dde129d5
[2025-06-01T14:06:17.717] [INFO] default - Nuevo cliente conectado: YjDdyr1vaqBb5CNnAAAh
[2025-06-01T14:06:21.836] [DEBUG] default - Buscando carrito con ID: 683c887a268827f7dde129d5
[2025-06-01T14:06:21.887] [HTTP] default - POST /api/carts/683c887a268827f7dde129d5/products/68176fa79423fa7d0f9a0819
[2025-06-01T14:06:22.108] [DEBUG] default - Buscando carrito con ID: 683c887a268827f7dde129d5
[2025-06-01T14:06:22.217] [HTTP] default - GET /
[2025-06-01T14:06:22.272] [DEBUG] default - Buscando carrito con ID: 683c887a268827f7dde129d5
[2025-06-01T14:06:22.502] [INFO] default - Nuevo cliente conectado: kZ5YE3yoVp6QZSj_AAAj
[2025-06-01T14:06:24.858] [DEBUG] default - Buscando carrito con ID: 683c887a268827f7dde129d5
[2025-06-01T14:06:24.960] [HTTP] default - GET /cart/683c887a268827f7dde129d5
[2025-06-01T14:06:24.960] [DEBUG] default - Buscando carrito con ID: 683c887a268827f7dde129d5
[2025-06-01T14:06:25.262] [INFO] default - Nuevo cliente conectado: qZvonoHGYdHkcFJPAAAl
[2025-06-01T14:06:27.949] [DEBUG] default - Buscando carrito con ID: 683c887a268827f7dde129d5
[2025-06-01T14:06:28.046] [HTTP] default - GET /cart/683c887a268827f7dde129d5
[2025-06-01T14:06:28.047] [DEBUG] default - Buscando carrito con ID: 683c887a268827f7dde129d5
[2025-06-01T14:06:28.328] [INFO] default - Nuevo cliente conectado: 3IPCu_pWEyrBj6x5AAAn
[2025-06-01T14:06:29.273] [DEBUG] default - Buscando carrito con ID: 683c887a268827f7dde129d5
[2025-06-01T14:06:29.379] [HTTP] default - GET /realtimeproducts
[2025-06-01T14:06:29.433] [DEBUG] default - Buscando carrito con ID: 683c887a268827f7dde129d5
[2025-06-01T14:06:29.537] [HTTP] default - GET /?mensaje=Acceso%20denegado.%20Se%20requiere%20rol%20de%20administrador.
[2025-06-01T14:06:29.593] [DEBUG] default - Buscando carrito con ID: 683c887a268827f7dde129d5
[2025-06-01T14:06:29.913] [INFO] default - Nuevo cliente conectado: uhANBu6Ty2KaR9prAAAp
[2025-06-01T14:06:31.891] [DEBUG] default - Buscando carrito con ID: 683c887a268827f7dde129d5
[2025-06-01T14:06:31.992] [HTTP] default - POST /api/carts/683c887a268827f7dde129d5/products/68176fa79423fa7d0f9a081d
[2025-06-01T14:06:32.298] [DEBUG] default - Buscando carrito con ID: 683c887a268827f7dde129d5
[2025-06-01T14:06:32.401] [HTTP] default - GET /?mensaje=Acceso%20denegado.%20Se%20requiere%20rol%20de%20administrador.
[2025-06-01T14:06:32.458] [DEBUG] default - Buscando carrito con ID: 683c887a268827f7dde129d5
[2025-06-01T14:06:32.680] [INFO] default - Nuevo cliente conectado: v-2RJmQYMJiq5GOtAAAr
[2025-06-01T14:06:33.290] [DEBUG] default - Buscando carrito con ID: 683c887a268827f7dde129d5
[2025-06-01T14:06:33.402] [HTTP] default - POST /api/carts/683c887a268827f7dde129d5/products/68176fa79423fa7d0f9a081b
[2025-06-01T14:06:33.674] [DEBUG] default - Buscando carrito con ID: 683c887a268827f7dde129d5
[2025-06-01T14:06:33.776] [HTTP] default - GET /?mensaje=Acceso%20denegado.%20Se%20requiere%20rol%20de%20administrador.
[2025-06-01T14:06:33.827] [DEBUG] default - Buscando carrito con ID: 683c887a268827f7dde129d5
[2025-06-01T14:06:34.075] [INFO] default - Nuevo cliente conectado: 5acPfMFPasquTB0QAAAt
[2025-06-01T14:06:34.595] [DEBUG] default - Buscando carrito con ID: 683c887a268827f7dde129d5
[2025-06-01T14:06:34.698] [HTTP] default - POST /api/carts/683c887a268827f7dde129d5/products/68176fa79423fa7d0f9a0819
[2025-06-01T14:06:34.965] [DEBUG] default - Buscando carrito con ID: 683c887a268827f7dde129d5
[2025-06-01T14:06:35.070] [HTTP] default - GET /?mensaje=Acceso%20denegado.%20Se%20requiere%20rol%20de%20administrador.
[2025-06-01T14:06:35.120] [DEBUG] default - Buscando carrito con ID: 683c887a268827f7dde129d5
[2025-06-01T14:06:35.349] [INFO] default - Nuevo cliente conectado: XqBU2oueX9S8prAgAAAv
[2025-06-01T14:06:37.332] [DEBUG] default - Buscando carrito con ID: 683c887a268827f7dde129d5
[2025-06-01T14:06:37.428] [HTTP] default - POST /api/carts/683c887a268827f7dde129d5/products/68176fa79423fa7d0f9a081b
[2025-06-01T14:06:37.714] [DEBUG] default - Buscando carrito con ID: 683c887a268827f7dde129d5
[2025-06-01T14:06:37.815] [HTTP] default - GET /?mensaje=Acceso%20denegado.%20Se%20requiere%20rol%20de%20administrador.
[2025-06-01T14:06:37.866] [DEBUG] default - Buscando carrito con ID: 683c887a268827f7dde129d5
[2025-06-01T14:06:38.121] [INFO] default - Nuevo cliente conectado: 6EI8z2hV46e7QybyAAAx
[2025-06-01T14:06:39.177] [DEBUG] default - Buscando carrito con ID: 683c887a268827f7dde129d5
[2025-06-01T14:06:39.275] [HTTP] default - POST /api/carts/683c887a268827f7dde129d5/products/68176fa79423fa7d0f9a0821
[2025-06-01T14:06:39.548] [DEBUG] default - Buscando carrito con ID: 683c887a268827f7dde129d5
[2025-06-01T14:06:39.662] [HTTP] default - GET /?mensaje=Acceso%20denegado.%20Se%20requiere%20rol%20de%20administrador.
[2025-06-01T14:06:39.717] [DEBUG] default - Buscando carrito con ID: 683c887a268827f7dde129d5
[2025-06-01T14:06:39.948] [INFO] default - Nuevo cliente conectado: pkNt1fuccz_fxZ0MAAAz
[2025-06-01T14:06:40.423] [DEBUG] default - Buscando carrito con ID: 683c887a268827f7dde129d5
[2025-06-01T14:06:40.526] [HTTP] default - POST /api/carts/683c887a268827f7dde129d5/products/68176fa79423fa7d0f9a081d
[2025-06-01T14:06:40.827] [DEBUG] default - Buscando carrito con ID: 683c887a268827f7dde129d5
[2025-06-01T14:06:40.929] [HTTP] default - GET /?mensaje=Acceso%20denegado.%20Se%20requiere%20rol%20de%20administrador.
[2025-06-01T14:06:40.985] [DEBUG] default - Buscando carrito con ID: 683c887a268827f7dde129d5
[2025-06-01T14:06:41.261] [INFO] default - Nuevo cliente conectado: GsR9D54ysM_xPkpfAAA1
[2025-06-01T14:06:41.883] [DEBUG] default - Buscando carrito con ID: 683c887a268827f7dde129d5
[2025-06-01T14:06:41.986] [HTTP] default - GET /cart/683c887a268827f7dde129d5
[2025-06-01T14:06:41.986] [DEBUG] default - Buscando carrito con ID: 683c887a268827f7dde129d5
[2025-06-01T14:06:42.350] [INFO] default - Nuevo cliente conectado: JdB-DP9LeNeDXG5FAAA3
[2025-06-01T14:06:44.243] [DEBUG] default - Buscando carrito con ID: 683c887a268827f7dde129d5
[2025-06-01T14:06:44.351] [HTTP] default - DELETE /api/carts/683c887a268827f7dde129d5/products/68176fa79423fa7d0f9a0819
[2025-06-01T14:06:44.586] [DEBUG] default - Buscando carrito con ID: 683c887a268827f7dde129d5
[2025-06-01T14:06:44.695] [HTTP] default - GET /cart/683c887a268827f7dde129d5
[2025-06-01T14:06:44.695] [DEBUG] default - Buscando carrito con ID: 683c887a268827f7dde129d5
[2025-06-01T14:06:44.937] [INFO] default - Nuevo cliente conectado: -Z_dPOTy4fdTBld2AAA5
[2025-06-01T14:06:46.500] [DEBUG] default - Buscando carrito con ID: 683c887a268827f7dde129d5
[2025-06-01T14:06:46.605] [HTTP] default - DELETE /api/carts/683c887a268827f7dde129d5
[2025-06-01T14:06:46.817] [DEBUG] default - Buscando carrito con ID: 683c887a268827f7dde129d5
[2025-06-01T14:06:46.869] [HTTP] default - GET /cart/683c887a268827f7dde129d5
[2025-06-01T14:06:46.869] [DEBUG] default - Buscando carrito con ID: 683c887a268827f7dde129d5
[2025-06-01T14:06:47.074] [INFO] default - Nuevo cliente conectado: bErl2QzHEdk1FC9bAAA7
[2025-06-01T14:06:48.477] [DEBUG] default - Buscando carrito con ID: 683c887a268827f7dde129d5
[2025-06-01T14:06:48.526] [HTTP] default - GET /cart/683c887a268827f7dde129d5
[2025-06-01T14:06:48.526] [DEBUG] default - Buscando carrito con ID: 683c887a268827f7dde129d5
[2025-06-01T14:06:48.717] [INFO] default - Nuevo cliente conectado: jnfmlRGAuwF0WVtcAAA9
[2025-06-01T14:06:50.929] [DEBUG] default - Buscando carrito con ID: 683c887a268827f7dde129d5
[2025-06-01T14:06:50.980] [HTTP] default - GET /
[2025-06-01T14:06:51.031] [DEBUG] default - Buscando carrito con ID: 683c887a268827f7dde129d5
[2025-06-01T14:06:51.347] [INFO] default - Nuevo cliente conectado: EEc25BfqfRQGt7hRAAA_
[2025-06-01T14:06:52.165] [DEBUG] default - Buscando carrito con ID: 683c887a268827f7dde129d5
[2025-06-01T14:06:52.215] [HTTP] default - POST /api/carts/683c887a268827f7dde129d5/products/68176fa79423fa7d0f9a081d
[2025-06-01T14:06:52.449] [DEBUG] default - Buscando carrito con ID: 683c887a268827f7dde129d5
[2025-06-01T14:06:52.554] [HTTP] default - GET /
[2025-06-01T14:06:52.606] [DEBUG] default - Buscando carrito con ID: 683c887a268827f7dde129d5
[2025-06-01T14:06:52.836] [INFO] default - Nuevo cliente conectado: 0SsBPebbl208_XM5AABB
[2025-06-01T14:06:53.420] [DEBUG] default - Buscando carrito con ID: 683c887a268827f7dde129d5
[2025-06-01T14:06:53.517] [HTTP] default - POST /api/carts/683c887a268827f7dde129d5/products/68176fa79423fa7d0f9a081b
[2025-06-01T14:06:53.789] [DEBUG] default - Buscando carrito con ID: 683c887a268827f7dde129d5
[2025-06-01T14:06:53.892] [HTTP] default - GET /
[2025-06-01T14:06:53.944] [DEBUG] default - Buscando carrito con ID: 683c887a268827f7dde129d5
[2025-06-01T14:06:54.263] [INFO] default - Nuevo cliente conectado: F-LJYBlaYjPE-a6pAABD
[2025-06-01T14:06:54.771] [DEBUG] default - Buscando carrito con ID: 683c887a268827f7dde129d5
[2025-06-01T14:06:54.871] [HTTP] default - POST /api/carts/683c887a268827f7dde129d5/products/68176fa79423fa7d0f9a0819
[2025-06-01T14:06:55.127] [DEBUG] default - Buscando carrito con ID: 683c887a268827f7dde129d5
[2025-06-01T14:06:55.228] [HTTP] default - GET /
[2025-06-01T14:06:55.279] [DEBUG] default - Buscando carrito con ID: 683c887a268827f7dde129d5
[2025-06-01T14:06:55.534] [INFO] default - Nuevo cliente conectado: CuI7a-59GldBSBWYAABF
[2025-06-01T14:06:56.156] [DEBUG] default - Buscando carrito con ID: 683c887a268827f7dde129d5
[2025-06-01T14:06:56.256] [HTTP] default - GET /cart/683c887a268827f7dde129d5
[2025-06-01T14:06:56.257] [DEBUG] default - Buscando carrito con ID: 683c887a268827f7dde129d5
[2025-06-01T14:06:56.583] [INFO] default - Nuevo cliente conectado: OPS0hY2qu7vZNJumAABH
[2025-06-01T14:06:57.900] [DEBUG] default - Buscando carrito con ID: 683c887a268827f7dde129d5
[2025-06-01T14:06:58.002] [HTTP] default - POST /api/carts/683c887a268827f7dde129d5/purchase
[2025-06-01T14:06:58.003] [DEBUG] default - Buscando carrito con ID: 683c887a268827f7dde129d5
[2025-06-01T14:06:58.745] [DEBUG] default - Buscando carrito con ID: 683c887a268827f7dde129d5
[2025-06-01T14:06:58.798] [HTTP] default - GET /tickets/683c88b2268827f7dde12b6c
[2025-06-01T14:06:59.048] [INFO] default - Nuevo cliente conectado: u7UJa15XBi8tpnHYAABJ
[2025-06-01T14:07:01.622] [DEBUG] default - Buscando carrito con ID: 683c887a268827f7dde129d5
[2025-06-01T14:07:01.673] [HTTP] default - GET /tickets
[2025-06-01T14:07:01.974] [INFO] default - Nuevo cliente conectado: 0sQxI6QiOSoy1Io4AABL
[2025-06-01T14:07:03.577] [DEBUG] default - Buscando carrito con ID: 683c887a268827f7dde129d5
[2025-06-01T14:07:03.630] [HTTP] default - GET /profile
[2025-06-01T14:07:03.861] [INFO] default - Nuevo cliente conectado: qKWNdiXjQXk-Wu4EAABN
[2025-06-01T14:07:05.762] [DEBUG] default - Buscando carrito con ID: 683c887a268827f7dde129d5
[2025-06-01T14:07:05.820] [HTTP] default - GET /cart/683c887a268827f7dde129d5
[2025-06-01T14:07:05.820] [DEBUG] default - Buscando carrito con ID: 683c887a268827f7dde129d5
[2025-06-01T14:07:06.052] [INFO] default - Nuevo cliente conectado: ptgNk8sMjyrPUHPYAABP
[2025-06-01T14:07:06.897] [DEBUG] default - Buscando carrito con ID: 683c887a268827f7dde129d5
[2025-06-01T14:07:06.948] [HTTP] default - GET /realtimeproducts
[2025-06-01T14:07:07.022] [DEBUG] default - Buscando carrito con ID: 683c887a268827f7dde129d5
[2025-06-01T14:07:07.076] [HTTP] default - GET /?mensaje=Acceso%20denegado.%20Se%20requiere%20rol%20de%20administrador.
[2025-06-01T14:07:07.127] [DEBUG] default - Buscando carrito con ID: 683c887a268827f7dde129d5
[2025-06-01T14:07:07.357] [INFO] default - Nuevo cliente conectado: -0FCQlPlLrsvnQKaAABR
[2025-06-01T14:07:08.067] [DEBUG] default - Buscando carrito con ID: 683c887a268827f7dde129d5
[2025-06-01T14:07:08.115] [HTTP] default - GET /
[2025-06-01T14:07:08.166] [DEBUG] default - Buscando carrito con ID: 683c887a268827f7dde129d5
[2025-06-01T14:07:08.397] [INFO] default - Nuevo cliente conectado: HSaZpP2SchweC0w7AABT
[2025-06-01T14:07:08.970] [DEBUG] default - Buscando carrito con ID: 683c887a268827f7dde129d5
[2025-06-01T14:07:09.021] [HTTP] default - POST /api/carts/683c887a268827f7dde129d5/products/68176fa79423fa7d0f9a081b
[2025-06-01T14:07:09.236] [DEBUG] default - Buscando carrito con ID: 683c887a268827f7dde129d5
[2025-06-01T14:07:09.338] [HTTP] default - GET /
[2025-06-01T14:07:09.390] [DEBUG] default - Buscando carrito con ID: 683c887a268827f7dde129d5
[2025-06-01T14:07:09.668] [INFO] default - Nuevo cliente conectado: w-hQP99royEfRyPvAABV
[2025-06-01T14:07:10.158] [DEBUG] default - Buscando carrito con ID: 683c887a268827f7dde129d5
[2025-06-01T14:07:10.260] [HTTP] default - POST /api/carts/683c887a268827f7dde129d5/products/68176fa79423fa7d0f9a0821
[2025-06-01T14:07:10.527] [DEBUG] default - Buscando carrito con ID: 683c887a268827f7dde129d5
[2025-06-01T14:07:10.646] [HTTP] default - GET /
[2025-06-01T14:07:10.702] [DEBUG] default - Buscando carrito con ID: 683c887a268827f7dde129d5
[2025-06-01T14:07:10.960] [INFO] default - Nuevo cliente conectado: 5f9vHlakf7QRNHbIAABX
[2025-06-01T14:07:12.787] [DEBUG] default - Buscando carrito con ID: 683c887a268827f7dde129d5
[2025-06-01T14:07:12.914] [HTTP] default - GET /cart/683c887a268827f7dde129d5
[2025-06-01T14:07:12.915] [DEBUG] default - Buscando carrito con ID: 683c887a268827f7dde129d5
[2025-06-01T14:07:13.198] [INFO] default - Nuevo cliente conectado: D6PyriCuDzc4zXpPAABZ
[2025-06-01T14:07:16.689] [DEBUG] default - Buscando carrito con ID: 683c887a268827f7dde129d5
[2025-06-01T14:07:16.809] [HTTP] default - POST /api/carts/683c887a268827f7dde129d5/purchase
[2025-06-01T14:07:16.810] [DEBUG] default - Buscando carrito con ID: 683c887a268827f7dde129d5
[2025-06-01T14:07:17.431] [DEBUG] default - Buscando carrito con ID: 683c887a268827f7dde129d5
[2025-06-01T14:07:17.486] [HTTP] default - GET /tickets/683c88c5268827f7dde12bdc
[2025-06-01T14:07:17.741] [INFO] default - Nuevo cliente conectado: U6DfouRVjK_z-ODhAABb
[2025-06-01T14:07:18.241] [DEBUG] default - Buscando carrito con ID: 683c887a268827f7dde129d5
[2025-06-01T14:07:18.321] [HTTP] default - GET /profile
[2025-06-01T14:07:18.551] [INFO] default - Nuevo cliente conectado: vLXb1Nvz8ZjyFMldAABd
[2025-06-01T14:07:19.719] [DEBUG] default - Buscando carrito con ID: 683c887a268827f7dde129d5
[2025-06-01T14:07:19.769] [HTTP] default - GET /tickets
[2025-06-01T14:07:20.051] [INFO] default - Nuevo cliente conectado: Q9pU4EJUTomHaXYzAABf
[2025-06-01T14:07:22.359] [DEBUG] default - Buscando carrito con ID: 683c887a268827f7dde129d5
[2025-06-01T14:07:22.408] [HTTP] default - GET /tickets/683c88c5268827f7dde12bdc
[2025-06-01T14:07:22.660] [INFO] default - Nuevo cliente conectado: skJUw-n7Xbi7O40IAABh
[2025-06-01T14:07:26.706] [DEBUG] default - Buscando carrito con ID: 683c887a268827f7dde129d5
[2025-06-01T14:07:26.755] [HTTP] default - GET /
[2025-06-01T14:07:26.811] [DEBUG] default - Buscando carrito con ID: 683c887a268827f7dde129d5
[2025-06-01T14:07:27.106] [INFO] default - Nuevo cliente conectado: bu_9KmjcNHtl6a7lAABj
[2025-06-01T14:07:29.440] [DEBUG] default - Buscando carrito con ID: 683c887a268827f7dde129d5
[2025-06-01T14:07:29.490] [HTTP] default - GET /api/sessions/logout
[2025-06-01T14:07:29.503] [HTTP] default - GET /
[2025-06-01T14:07:29.706] [INFO] default - Nuevo cliente conectado: _WZ6-uCE0iAieBmSAABl
