[2025-06-01T09:35:02.501] [ERROR] default - Error connecting to MongoDB MongooseServerSelectionError: Could not connect to any servers in your MongoDB Atlas cluster. One common reason is that you're trying to access the database from an IP that isn't whitelisted. Make sure your current IP address is on your Atlas cluster's IP whitelist: https://www.mongodb.com/docs/atlas/security-whitelist/
    at _handleConnectionErrors (C:\Users\Usuario\Desktop\CURSOS CODER HOUSE\BackEnd3\EntregaFinal\node_modules\mongoose\lib\connection.js:1165:11)
    at NativeConnection.openUri (C:\Users\Usuario\Desktop\CURSOS CODER HOUSE\BackEnd3\EntregaFinal\node_modules\mongoose\lib\connection.js:1096:11)
    at MongoDBProvider.connect (C:\Users\Usuario\Desktop\CURSOS CODER HOUSE\BackEnd3\EntregaFinal\src\config\mongodbProvider.js:374:27)
    at Object.<anonymous> (C:\Users\Usuario\Desktop\CURSOS CODER HOUSE\BackEnd3\EntregaFinal\src\test\user.test.js:60:9) {
  errorLabelSet: Set(0) {},
  reason: TopologyDescription {
    type: 'ReplicaSetNoPrimary',
    servers: Map(3) {
      'cluster0-shard-00-02.tccqu.mongodb.net:27017' => [ServerDescription],
      'cluster0-shard-00-00.tccqu.mongodb.net:27017' => [ServerDescription],
      'cluster0-shard-00-01.tccqu.mongodb.net:27017' => [ServerDescription]
    },
    stale: false,
    compatible: true,
    heartbeatFrequencyMS: 10000,
    localThresholdMS: 15,
    setName: 'atlas-grgbnf-shard-0',
    maxElectionId: null,
    maxSetVersion: null,
    commonWireVersion: 0,
    logicalSessionTimeoutMinutes: null
  },
  code: undefined
}
